::1 - - [25/Jul/2025:17:47:54 +0000] "GET /healthyz HTTP/1.1" 200 40 "-" "PostmanRuntime/7.44.1"
::1 - - [25/Jul/2025:17:47:59 +0000] "GET /user_healthy_test HTTP/1.1" 404 156 "-" "PostmanRuntime/7.44.1"
::1 - - [26/Jul/2025:04:50:51 +0000] "GET /user_healthy_test HTTP/1.1" 404 156 "-" "PostmanRuntime/7.44.1"
::1 - - [26/Jul/2025:04:52:56 +0000] "GET /user_healthy_test HTTP/1.1" 404 156 "-" "PostmanRuntime/7.44.1"
::1 - - [26/Jul/2025:04:53:06 +0000] "GET /test HTTP/1.1" 404 143 "-" "PostmanRuntime/7.44.1"
::1 - - [26/Jul/2025:04:53:41 +0000] "GET /user/test HTTP/1.1" 200 43 "-" "PostmanRuntime/7.44.1"
::1 - - [26/Jul/2025:04:58:08 +0000] "GET /product/test HTTP/1.1" 200 46 "-" "PostmanRuntime/7.44.1"
::1 - - [26/Jul/2025:05:01:57 +0000] "GET /order/test HTTP/1.1" 200 47 "-" "PostmanRuntime/7.44.1"
::1 - - [26/Jul/2025:05:02:03 +0000] "GET /order/test HTTP/1.1" 200 47 "-" "PostmanRuntime/7.44.1"
::1 - - [26/Jul/2025:06:39:47 +0000] "GET /healthz HTTP/1.1" 404 146 "-" "PostmanRuntime/7.44.1"
::1 - - [26/Jul/2025:06:40:07 +0000] "GET /healthyz HTTP/1.1" 200 40 "-" "PostmanRuntime/7.44.1"
::1 - - [26/Jul/2025:06:40:19 +0000] "GET /user/test HTTP/1.1" 200 43 "-" "PostmanRuntime/7.44.1"
::1 - - [26/Jul/2025:06:40:31 +0000] "GET /product/test HTTP/1.1" 200 46 "-" "PostmanRuntime/7.44.1"
::1 - - [26/Jul/2025:06:40:39 +0000] "GET /order/test HTTP/1.1" 200 47 "-" "PostmanRuntime/7.44.1"
::1 - - [26/Jul/2025:06:43:28 +0000] "POST /user/signin HTTP/1.1" 404 34 "-" "PostmanRuntime/7.44.1"
::1 - - [26/Jul/2025:06:45:01 +0000] "POST /user/signup HTTP/1.1" 200 249 "-" "PostmanRuntime/7.44.1"
::1 - - [26/Jul/2025:06:45:36 +0000] "POST /user/signin HTTP/1.1" 200 437 "-" "PostmanRuntime/7.44.1"
::1 - - [26/Jul/2025:08:56:29 +0000] "POST /user/signup HTTP/1.1" 200 237 "-" "PostmanRuntime/7.44.1"
::1 - - [26/Jul/2025:08:57:37 +0000] "POST /user/signin HTTP/1.1" 200 421 "-" "PostmanRuntime/7.44.1"
::1 - - [26/Jul/2025:08:58:42 +0000] "POST /user/signup HTTP/1.1" 200 237 "-" "PostmanRuntime/7.44.1"
::1 - - [26/Jul/2025:08:59:02 +0000] "POST /user/signin HTTP/1.1" 200 421 "-" "PostmanRuntime/7.44.1"
::1 - - [26/Jul/2025:09:04:42 +0000] "GET /product/test HTTP/1.1" 200 46 "-" "PostmanRuntime/7.44.1"
::1 - - [26/Jul/2025:09:05:14 +0000] "POST /product/list-product HTTP/1.1" 200 338 "-" "PostmanRuntime/7.44.1"
::1 - - [26/Jul/2025:09:15:30 +0000] "POST /product/all-products HTTP/1.1" 404 160 "-" "PostmanRuntime/7.44.1"
::1 - - [26/Jul/2025:09:15:34 +0000] "GET /product/all-products HTTP/1.1" 401 30 "-" "PostmanRuntime/7.44.1"
::1 - - [26/Jul/2025:09:15:45 +0000] "GET /product/all-products HTTP/1.1" 200 3770 "-" "PostmanRuntime/7.44.1"
::1 - - [26/Jul/2025:09:35:54 +0000] "GET /product/test HTTP/1.1" 200 46 "-" "PostmanRuntime/7.44.1"
::1 - - [26/Jul/2025:09:37:38 +0000] "POST /product/list-product HTTP/1.1" 200 375 "-" "PostmanRuntime/7.44.1"
::1 - - [26/Jul/2025:09:43:11 +0000] "GET /product/all-products HTTP/1.1" 200 889 "-" "PostmanRuntime/7.44.1"
::1 - - [26/Jul/2025:09:51:55 +0000] "PATCH /product/update_details/6884a1e21ce9272235233ac0 HTTP/1.1" 200 367 "-" "PostmanRuntime/7.44.1"
::1 - - [26/Jul/2025:09:55:16 +0000] "DELETE /product/remove_details/6884a30174180a5040aa03c4 HTTP/1.1" 404 189 "-" "PostmanRuntime/7.44.1"
::1 - - [26/Jul/2025:09:55:34 +0000] "DELETE /product/remove_product/6884a30174180a5040aa03c4 HTTP/1.1" 401 30 "-" "PostmanRuntime/7.44.1"
::1 - - [26/Jul/2025:09:55:45 +0000] "DELETE /product/remove_product/6884a30174180a5040aa03c4 HTTP/1.1" 200 230 "-" "PostmanRuntime/7.44.1"
::1 - - [26/Jul/2025:10:42:32 +0000] "POST /user/signup HTTP/1.1" 200 252 "-" "PostmanRuntime/7.44.1"
::1 - - [26/Jul/2025:10:42:48 +0000] "POST /user/signin HTTP/1.1" 200 440 "-" "PostmanRuntime/7.44.1"
::1 - - [26/Jul/2025:10:44:50 +0000] "GET /product/test HTTP/1.1" 200 46 "-" "PostmanRuntime/7.44.1"
::1 - - [26/Jul/2025:10:45:13 +0000] "GET /product/all-products HTTP/1.1" 200 716 "-" "PostmanRuntime/7.44.1"
::1 - - [26/Jul/2025:11:07:01 +0000] "GET /order/test HTTP/1.1" 200 47 "-" "PostmanRuntime/7.44.1"
::1 - - [26/Jul/2025:11:28:49 +0000] "POST /order/place-order HTTP/1.1" 200 616 "-" "PostmanRuntime/7.44.1"
::1 - - [26/Jul/2025:12:45:28 +0000] "POST /order/place-order/6884a1e21ce9272235233ac0 HTTP/1.1" 400 46 "-" "PostmanRuntime/7.44.1"
::1 - - [26/Jul/2025:12:48:32 +0000] "POST /order/place-order/6884a1e21ce9272235233ac0 HTTP/1.1" 400 46 "-" "PostmanRuntime/7.44.1"
::1 - - [26/Jul/2025:12:50:26 +0000] "POST /order/place-order/6884a1e21ce9272235233ac0 HTTP/1.1" 400 46 "-" "PostmanRuntime/7.44.1"
::1 - - [26/Jul/2025:12:50:53 +0000] "POST /order/place-order/6884a1e21ce9272235233ac0 HTTP/1.1" 500 1209 "-" "PostmanRuntime/7.44.1"
::1 - - [26/Jul/2025:12:52:37 +0000] "POST /order/place-order/6884a1e21ce9272235233ac0 HTTP/1.1" 400 46 "-" "PostmanRuntime/7.44.1"
::1 - - [26/Jul/2025:12:55:48 +0000] "POST /order/place-order/6884a1e21ce9272235233ac0 HTTP/1.1" 500 514 "-" "PostmanRuntime/7.44.1"
::1 - - [26/Jul/2025:12:58:04 +0000] "POST /order/place-order/6884a1e21ce9272235233ac0 HTTP/1.1" 500 514 "-" "PostmanRuntime/7.44.1"
::1 - - [26/Jul/2025:13:01:39 +0000] "POST /order/place-order/6884a1e21ce9272235233ac0 HTTP/1.1" 201 675 "-" "PostmanRuntime/7.44.1"
::1 - - [26/Jul/2025:13:04:04 +0000] "POST /order/place-order/6884a1e21ce9272235233ac0 HTTP/1.1" 201 675 "-" "PostmanRuntime/7.44.1"
::1 - - [26/Jul/2025:13:23:27 +0000] "PATCH /order/cancel-order/6884d2441cb71c03420e8515 HTTP/1.1" 200 815 "-" "PostmanRuntime/7.44.1"
::1 - - [26/Jul/2025:13:23:48 +0000] "PATCH /order/cancel-order/6884d2441cb71c03420e8515 HTTP/1.1" 200 949 "-" "PostmanRuntime/7.44.1"
::1 - - [26/Jul/2025:13:37:12 +0000] "POST /order/place-order/6884a1e21ce9272235233ac0 HTTP/1.1" 201 675 "-" "PostmanRuntime/7.44.1"
::1 - - [26/Jul/2025:13:37:27 +0000] "PATCH /order/cancel-order/6884da08c03a8badc4a3d2ad HTTP/1.1" 200 817 "-" "PostmanRuntime/7.44.1"
::1 - - [26/Jul/2025:18:29:23 +0000] "POST /order/product-placed-payment-pending/6884a1e21ce9272235233ac0 HTTP/1.1" 201 755 "-" "PostmanRuntime/7.44.1"
::1 - - [26/Jul/2025:18:31:57 +0000] "POST /order/product-placed-payment-pending/6884a30174180a5040aa03c2 HTTP/1.1" 201 763 "-" "PostmanRuntime/7.44.1"
::1 - - [26/Jul/2025:18:33:49 +0000] "PATCH /order/product-placed-payment-paid/68851f1d42d76b15461a0316 HTTP/1.1" 200 764 "-" "PostmanRuntime/7.44.1"
::1 - - [26/Jul/2025:18:35:34 +0000] "PATCH /order/product-placed-payment-paid/68851f1d42d76b15461a0316 HTTP/1.1" 200 727 "-" "PostmanRuntime/7.44.1"
::1 - - [26/Jul/2025:18:37:21 +0000] "PATCH /order/product-picked-payment-fulfilled/68851f1d42d76b15461a0316 HTTP/1.1" 403 39 "-" "PostmanRuntime/7.44.1"
::1 - - [26/Jul/2025:18:37:57 +0000] "POST /user/signin HTTP/1.1" 200 421 "-" "PostmanRuntime/7.44.1"
::1 - - [26/Jul/2025:18:38:32 +0000] "PATCH /order/product-picked-payment-fulfilled/68851f1d42d76b15461a0316 HTTP/1.1" 200 897 "-" "PostmanRuntime/7.44.1"
::1 - - [26/Jul/2025:18:41:25 +0000] "PATCH /order/product-shipped-payment-fulfilled/68851f1d42d76b15461a0316 HTTP/1.1" 200 1005 "-" "PostmanRuntime/7.44.1"
::1 - - [26/Jul/2025:18:43:49 +0000] "POST /order/product-placed-payment-pending/6884a30174180a5040aa03c3 HTTP/1.1" 201 756 "-" "PostmanRuntime/7.44.1"
::1 - - [26/Jul/2025:18:44:03 +0000] "PATCH /order/product-placed-payment-paid/688521e5c64a2929dae33a4e HTTP/1.1" 200 720 "-" "PostmanRuntime/7.44.1"
::1 - - [26/Jul/2025:18:44:14 +0000] "PATCH /order/product-picked-payment-fulfilled/688521e5c64a2929dae33a4e HTTP/1.1" 200 890 "-" "PostmanRuntime/7.44.1"
::1 - - [26/Jul/2025:18:44:25 +0000] "PATCH /order/product-shipped-payment-fulfilled/688521e5c64a2929dae33a4e HTTP/1.1" 200 998 "-" "PostmanRuntime/7.44.1"
::1 - - [26/Jul/2025:18:46:45 +0000] "PATCH /order/cancel-order/688521e5c64a2929dae33a4e/6884a30174180a5040aa03c3 HTTP/1.1" 500 1384 "-" "PostmanRuntime/7.44.1"
::1 - - [26/Jul/2025:18:55:29 +0000] "PATCH /order/cancel-order/688521e5c64a2929dae33a4e/6884a30174180a5040aa03c3 HTTP/1.1" 500 1384 "-" "PostmanRuntime/7.44.1"
::1 - - [26/Jul/2025:18:57:36 +0000] "PATCH /order/cancel-order/688521e5c64a2929dae33a4e/6884a30174180a5040aa03c3 HTTP/1.1" 500 1384 "-" "PostmanRuntime/7.44.1"
::1 - - [26/Jul/2025:19:04:05 +0000] "POST /order/product-placed-payment-pending/6884a30174180a5040aa03c3 HTTP/1.1" 201 756 "-" "PostmanRuntime/7.44.1"
::1 - - [26/Jul/2025:19:04:11 +0000] "PATCH /order/product-placed-payment-paid/688521e5c64a2929dae33a4e HTTP/1.1" 200 53 "-" "PostmanRuntime/7.44.1"
::1 - - [26/Jul/2025:19:05:41 +0000] "PATCH /order/product-placed-payment-paid/688521e5c64a2929dae33a4e HTTP/1.1" 200 53 "-" "PostmanRuntime/7.44.1"
::1 - - [26/Jul/2025:19:08:15 +0000] "POST /order/product-placed-payment-pending/6884a30174180a5040aa03c3 HTTP/1.1" 201 762 "-" "PostmanRuntime/7.44.1"
::1 - - [26/Jul/2025:19:08:34 +0000] "PATCH /order/product-placed-payment-paid/6885279fd576ac4d8b811582 HTTP/1.1" 200 726 "-" "PostmanRuntime/7.44.1"
::1 - - [26/Jul/2025:19:08:54 +0000] "PATCH /order/product-picked-payment-fulfilled/6885279fd576ac4d8b811582 HTTP/1.1" 500 1417 "-" "PostmanRuntime/7.44.1"
::1 - - [26/Jul/2025:19:15:09 +0000] "PATCH /order/product-picked-payment-fulfilled/6885279fd576ac4d8b811582 HTTP/1.1" 500 1417 "-" "PostmanRuntime/7.44.1"
::1 - - [26/Jul/2025:19:15:12 +0000] "PATCH /order/product-picked-payment-fulfilled/6885279fd576ac4d8b811582 HTTP/1.1" 500 1417 "-" "PostmanRuntime/7.44.1"
::1 - - [26/Jul/2025:19:16:24 +0000] "POST /order/product-placed-payment-pending/6884a30174180a5040aa03c3 HTTP/1.1" 201 762 "-" "PostmanRuntime/7.44.1"
::1 - - [26/Jul/2025:19:16:39 +0000] "PATCH /order/product-placed-payment-paid/688529872900c0726d994e34 HTTP/1.1" 200 726 "-" "PostmanRuntime/7.44.1"
::1 - - [26/Jul/2025:19:16:48 +0000] "PATCH /order/product-picked-payment-fulfilled/688529872900c0726d994e34 HTTP/1.1" 500 1417 "-" "PostmanRuntime/7.44.1"
::1 - - [27/Jul/2025:07:57:55 +0000] "POST /order/product-placed-payment-pending/6884a30174180a5040aa03c3 HTTP/1.1" 201 762 "-" "PostmanRuntime/7.44.1"
::1 - - [27/Jul/2025:07:58:12 +0000] "PATCH /order/product-placed-payment-paid/6885dc0393144e67102ab9fa HTTP/1.1" 200 726 "-" "PostmanRuntime/7.44.1"
::1 - - [27/Jul/2025:07:58:31 +0000] "PATCH /order/product-picked-payment-fulfilled/6885dc0393144e67102ab9fa HTTP/1.1" 500 1417 "-" "PostmanRuntime/7.44.1"
::1 - - [27/Jul/2025:08:03:22 +0000] "PATCH /order/product-picked-payment-fulfilled/6885dc0393144e67102ab9fa HTTP/1.1" 200 896 "-" "PostmanRuntime/7.44.1"
::1 - - [27/Jul/2025:08:04:18 +0000] "PATCH /order/product-shipped-payment-fulfilled/6885dc0393144e67102ab9fa HTTP/1.1" 200 1004 "-" "PostmanRuntime/7.44.1"
::1 - - [27/Jul/2025:08:07:59 +0000] "PATCH /order/cancel-order/6885dc0393144e67102ab9fa/6884a30174180a5040aa03c3 HTTP/1.1" 200 1176 "-" "PostmanRuntime/7.44.1"
::1 - - [27/Jul/2025:08:57:23 +0000] "GET /user/test HTTP/1.1" 200 43 "-" "PostmanRuntime/7.44.1"
::1 - - [27/Jul/2025:08:57:23 +0000] "POST /user/signup HTTP/1.1" 409 38 "-" "PostmanRuntime/7.44.1"
::1 - - [27/Jul/2025:08:57:23 +0000] "POST /user/signup HTTP/1.1" 409 38 "-" "PostmanRuntime/7.44.1"
::1 - - [27/Jul/2025:08:57:24 +0000] "POST /user/signup HTTP/1.1" 409 38 "-" "PostmanRuntime/7.44.1"
::1 - - [27/Jul/2025:08:57:24 +0000] "POST /user/signin HTTP/1.1" 200 440 "-" "PostmanRuntime/7.44.1"
::1 - - [27/Jul/2025:08:57:24 +0000] "POST /user/signin HTTP/1.1" 200 421 "-" "PostmanRuntime/7.44.1"
::1 - - [27/Jul/2025:08:57:25 +0000] "POST /user/signin HTTP/1.1" 200 421 "-" "PostmanRuntime/7.44.1"
::1 - - [27/Jul/2025:08:57:25 +0000] "GET /product/test HTTP/1.1" 200 46 "-" "PostmanRuntime/7.44.1"
::1 - - [27/Jul/2025:08:57:25 +0000] "POST /product/list-product HTTP/1.1" 200 375 "-" "PostmanRuntime/7.44.1"
::1 - - [27/Jul/2025:08:57:27 +0000] "GET /product/all-products HTTP/1.1" 200 1146 "-" "PostmanRuntime/7.44.1"
::1 - - [27/Jul/2025:08:57:27 +0000] "PATCH /product/update_details/6884a1e21ce9272235233ac0 HTTP/1.1" 200 367 "-" "PostmanRuntime/7.44.1"
::1 - - [27/Jul/2025:08:57:28 +0000] "DELETE /product/remove_product/6884a30174180a5040aa03c4 HTTP/1.1" 200 72 "-" "PostmanRuntime/7.44.1"
::1 - - [27/Jul/2025:08:57:28 +0000] "GET /order/test HTTP/1.1" 200 47 "-" "PostmanRuntime/7.44.1"
::1 - - [27/Jul/2025:08:57:28 +0000] "PATCH /order/cancel-order/6884d2441cb71c03420e8515 HTTP/1.1" 404 184 "-" "PostmanRuntime/7.44.1"
::1 - - [27/Jul/2025:08:57:28 +0000] "POST /order/place-order/6884a1e21ce9272235233ac0 HTTP/1.1" 404 182 "-" "PostmanRuntime/7.44.1"
::1 - - [27/Jul/2025:08:57:29 +0000] "POST /order/product-placed-payment-pending/6884a30174180a5040aa03c3 HTTP/1.1" 201 762 "-" "PostmanRuntime/7.44.1"
::1 - - [27/Jul/2025:08:57:29 +0000] "PATCH /order/product-placed-payment-paid/6885dc0393144e67102ab9fa HTTP/1.1" 200 1123 "-" "PostmanRuntime/7.44.1"
::1 - - [27/Jul/2025:08:57:30 +0000] "PATCH /order/product-picked-payment-fulfilled/6885dc0393144e67102ab9fa HTTP/1.1" 200 1293 "-" "PostmanRuntime/7.44.1"
::1 - - [27/Jul/2025:08:57:30 +0000] "PATCH /order/product-shipped-payment-fulfilled/6885dc0393144e67102ab9fa HTTP/1.1" 200 1401 "-" "PostmanRuntime/7.44.1"
::1 - - [27/Jul/2025:08:57:30 +0000] "POST /order/place-order/6884a1e21ce9272235233ac0 HTTP/1.1" 404 182 "-" "PostmanRuntime/7.44.1"
::1 - - [27/Jul/2025:08:57:30 +0000] "GET /healthyz HTTP/1.1" 200 40 "-" "PostmanRuntime/7.44.1"
::1 - - [27/Jul/2025:08:58:12 +0000] "GET /healthyz HTTP/1.1" 200 40 "-" "PostmanRuntime/7.44.1"
